[debug] [2024-03-05T09:11:30.690Z] ----------------------------------------------------------------------
[debug] [2024-03-05T09:11:30.744Z] Command:       C:\Program Files\nodejs\node.exe C:\Users\obianuka chimobi\AppData\Roaming\npm\node_modules\firebase-tools\lib\bin\firebase.js init hosting
[debug] [2024-03-05T09:11:30.745Z] CLI Version:   13.4.0
[debug] [2024-03-05T09:11:30.746Z] Platform:      win32
[debug] [2024-03-05T09:11:30.747Z] Node Version:  v20.10.0
[debug] [2024-03-05T09:11:30.756Z] Time:          Tue Mar 05 2024 10:11:30 GMT+0100 (West Africa Standard Time)
[debug] [2024-03-05T09:11:30.757Z] ----------------------------------------------------------------------
[debug] 
[debug] [2024-03-05T09:11:30.802Z] > command requires scopes: ["email","openid","https://www.googleapis.com/auth/cloudplatformprojects.readonly","https://www.googleapis.com/auth/firebase","https://www.googleapis.com/auth/cloud-platform"]
[debug] [2024-03-05T09:11:30.804Z] > authorizing via signed-in user (obianukachimaobim@gmail.com)
[info] 
     ######## #### ########  ######## ########     ###     ######  ########
     ##        ##  ##     ## ##       ##     ##  ##   ##  ##       ##
     ######    ##  ########  ######   ########  #########  ######  ######
     ##        ##  ##    ##  ##       ##     ## ##     ##       ## ##
     ##       #### ##     ## ######## ########  ##     ##  ######  ########

You're about to initialize a Firebase project in this directory:

  C:\Users\obianuka chimobi\Desktop\project-chat-app\CHAT-APP

[info] 
=== Project Setup
[info] 
[info] First, let's associate this project directory with a Firebase project.
[info] You can create multiple project aliases by running firebase use --add, 
[info] but for now we'll just set up a default project.
[info] 
[debug] [2024-03-05T09:13:19.542Z] >>> [apiv2][query] GET https://firebase.googleapis.com/v1beta1/projects pageSize=100
[debug] [2024-03-05T09:13:20.436Z] <<< [apiv2][status] GET https://firebase.googleapis.com/v1beta1/projects 200
[debug] [2024-03-05T09:13:20.436Z] <<< [apiv2][body] GET https://firebase.googleapis.com/v1beta1/projects [omitted]
[info] i  Using project chat-8be1c (chat) 
[info] 
=== Hosting Setup
[debug] [2024-03-05T09:13:24.825Z] >>> [apiv2][query] GET https://firebase.googleapis.com/v1beta1/projects/chat-8be1c [none]
[debug] [2024-03-05T09:13:25.242Z] <<< [apiv2][status] GET https://firebase.googleapis.com/v1beta1/projects/chat-8be1c 200
[debug] [2024-03-05T09:13:25.243Z] <<< [apiv2][body] GET https://firebase.googleapis.com/v1beta1/projects/chat-8be1c {"projectId":"chat-8be1c","projectNumber":"513103485760","displayName":"chat","name":"projects/chat-8be1c","resources":{"hostingSite":"chat-8be1c","storageBucket":"chat-8be1c.appspot.com","locationId":"us-central"},"state":"ACTIVE","etag":"1_f1127f7e-d3bf-4d11-8429-40e9f68534b6"}
[info] 
[info] Your public directory is the folder (relative to your project directory) that
[info] will contain Hosting assets to be uploaded with firebase deploy. If you
[info] have a build process for your assets, use your build's output directory.
[info] 
[debug] [2024-03-05T09:21:28.697Z] >>> [apiv2][query] GET https://www.gstatic.com/firebasejs/releases.json [none]
[debug] [2024-03-05T09:21:29.038Z] <<< [apiv2][status] GET https://www.gstatic.com/firebasejs/releases.json 200
[debug] [2024-03-05T09:21:29.039Z] <<< [apiv2][body] GET https://www.gstatic.com/firebasejs/releases.json {"current":{"version":"10.8.1","browserURL":"https://www.gstatic.com/firebasejs/10.8.1/firebase.js","packageURL":"https://www.gstatic.com/firebasejs/10.8.1/firebase.tgz"},"live":{"version":"10.8","browserURL":"https://www.gstatic.com/firebasejs/live/10.8/firebase.js","packageURL":"https://www.gstatic.com/firebasejs/live/10.8/firebase.tgz"},"components":{"analytics":"https://www.gstatic.com/firebasejs/10.8.1/firebase-analytics.js","app":"https://www.gstatic.com/firebasejs/10.8.1/firebase-app.js","app-check":"https://www.gstatic.com/firebasejs/10.8.1/firebase-app-check.js","auth":"https://www.gstatic.com/firebasejs/10.8.1/firebase-auth.js","auth/cordova":"https://www.gstatic.com/firebasejs/10.8.1/firebase-auth/cordova.js","auth/web-extension":"https://www.gstatic.com/firebasejs/10.8.1/firebase-auth/web-extension.js","functions":"https://www.gstatic.com/firebasejs/10.8.1/firebase-functions.js","firestore":"https://www.gstatic.com/firebasejs/10.8.1/firebase-firestore.js","firestore/lite":"https://www.gstatic.com/firebasejs/10.8.1/firebase-firestore/lite.js","installations":"https://www.gstatic.com/firebasejs/10.8.1/firebase-installations.js","storage":"https://www.gstatic.com/firebasejs/10.8.1/firebase-storage.js","performance":"https://www.gstatic.com/firebasejs/10.8.1/firebase-performance.js","remote-config":"https://www.gstatic.com/firebasejs/10.8.1/firebase-remote-config.js","messaging":"https://www.gstatic.com/firebasejs/10.8.1/firebase-messaging.js","messaging/sw":"https://www.gstatic.com/firebasejs/10.8.1/firebase-messaging/sw.js","database":"https://www.gstatic.com/firebasejs/10.8.1/firebase-database.js","firestore.memory":"https://www.gstatic.com/firebasejs/10.8.1/firebase-firestore.memory.js"}}
[debug] [2024-03-05T09:21:29.397Z] Error: Path contains invalid characters: C:\Users\obianuka chimobi\Desktop\project-chat-app\CHAT-APP\https:\github.com\LSETF-COHORT2024\CHAT-APP
    at checkPath (C:\Users\obianuka chimobi\AppData\Roaming\npm\node_modules\firebase-tools\node_modules\fs-extra\lib\mkdirs\utils.js:16:21)
    at module.exports.makeDirSync (C:\Users\obianuka chimobi\AppData\Roaming\npm\node_modules\firebase-tools\node_modules\fs-extra\lib\mkdirs\make-dir.js:21:3)
    at Object.createFileSync (C:\Users\obianuka chimobi\AppData\Roaming\npm\node_modules\firebase-tools\node_modules\fs-extra\lib\ensure\file.js:59:45)
    at Config.writeProjectFile (C:\Users\obianuka chimobi\AppData\Roaming\npm\node_modules\firebase-tools\lib\config.js:154:12)
    at C:\Users\obianuka chimobi\AppData\Roaming\npm\node_modules\firebase-tools\lib\config.js:178:22
    at process.processTicksAndRejections (node:internal/process/task_queues:95:5)
    at async doSetup (C:\Users\obianuka chimobi\AppData\Roaming\npm\node_modules\firebase-tools\lib\init\features\hosting\index.js:177:9)
    at async init (C:\Users\obianuka chimobi\AppData\Roaming\npm\node_modules\firebase-tools\lib\init\index.js:37:9)
[error] 
[error] Error: An unexpected error has occurred.
